{
  "RSpec": {
    "coverage": {
      "/Users/donaldlee/Developer/cloudreach/app/helpers/application_helper.rb": [
        1,
        null
      ],
      "/Users/donaldlee/Developer/cloudreach/app/helpers/contacts_helper.rb": [
        1,
        null
      ],
      "/Users/donaldlee/Developer/cloudreach/app/helpers/questions_helper.rb": [
        1,
        null
      ],
      "/Users/donaldlee/Developer/cloudreach/app/controllers/contacts_controller.rb": [
        1,
        null,
        1,
        null,
        null,
        1,
        null,
        null,
        1,
        null,
        null,
        1,
        null,
        null,
        null
      ],
      "/Users/donaldlee/Developer/cloudreach/app/controllers/application_controller.rb": [
        1,
        null,
        null,
        1,
        null
      ],
      "/Users/donaldlee/Developer/cloudreach/app/models/contact.rb": [
        1,
        null
      ],
      "/Users/donaldlee/Developer/cloudreach/app/models/email_address.rb": [
        1,
        null
      ],
      "/Users/donaldlee/Developer/cloudreach/app/models/telephone_number.rb": [
        1,
        null
      ]
    },
    "timestamp": 1431303055
  }
}
